<?xml version="1.0" encoding="UTF-8"?>
<!-- Generated by org.testng.reporters.JUnitReportReporter -->
<testsuite hostname="DESKTOP-M4GRLMR" failures="0" tests="1" name="Login.LoginTestCasesClass" time="8.315" errors="0" timestamp="2023-10-03T19:09:54 EET" skipped="0">
  <testcase classname="Login.LoginTestCasesClass" name="Login" time="8.315"/>
  <system-out/>
</testsuite> <!-- Login.LoginTestCasesClass -->
